<?xml version="1.0" encoding="UTF-8"?>
<testsuite name="com.br.siscei.test.domain.repository.MetaFileRepositoryIntegrationTests" time="1.389" tests="8" errors="8" skipped="0" failures="0">
  <properties>
    <property name="java.runtime.name" value="Java(TM) SE Runtime Environment"/>
    <property name="sun.boot.library.path" value="C:\Program Files\Java\jdk1.8.0_77\jre\bin"/>
    <property name="java.vm.version" value="25.77-b03"/>
    <property name="java.vm.vendor" value="Oracle Corporation"/>
    <property name="maven.multiModuleProjectDirectory" value="D:\Development\Workspaces\Práticas Profissionais\SISCEI\4-Implementacao\4.1-Codigo_Fonte\solution"/>
    <property name="java.vendor.url" value="http://java.oracle.com/"/>
    <property name="path.separator" value=";"/>
    <property name="guice.disable.misplaced.annotation.check" value="true"/>
    <property name="java.vm.name" value="Java HotSpot(TM) 64-Bit Server VM"/>
    <property name="file.encoding.pkg" value="sun.io"/>
    <property name="user.script" value=""/>
    <property name="user.country" value="BR"/>
    <property name="sun.java.launcher" value="SUN_STANDARD"/>
    <property name="sun.os.patch.level" value=""/>
    <property name="java.vm.specification.name" value="Java Virtual Machine Specification"/>
    <property name="user.dir" value="D:\Development\Workspaces\Práticas Profissionais\SISCEI\4-Implementacao\4.1-Codigo_Fonte\solution"/>
    <property name="java.runtime.version" value="1.8.0_77-b03"/>
    <property name="java.awt.graphicsenv" value="sun.awt.Win32GraphicsEnvironment"/>
    <property name="java.endorsed.dirs" value="C:\Program Files\Java\jdk1.8.0_77\jre\lib\endorsed"/>
    <property name="os.arch" value="amd64"/>
    <property name="java.io.tmpdir" value="C:\Users\felip\AppData\Local\Temp\"/>
    <property name="line.separator" value="&#10;"/>
    <property name="java.vm.specification.vendor" value="Oracle Corporation"/>
    <property name="user.variant" value=""/>
    <property name="os.name" value="Windows 10"/>
    <property name="classworlds.conf" value="D:\Development\Workspaces\Práticas Profissionais\.metadata\.plugins\org.eclipse.m2e.launching\launches\m2conf8748593187147943166.tmp"/>
    <property name="sun.jnu.encoding" value="Cp1252"/>
    <property name="java.library.path" value="C:\Program Files\Java\jdk1.8.0_77\jre\bin;C:\Windows\Sun\Java\bin;C:\Windows\system32;C:\Windows;C:/Program Files/Java/jre1.8.0_77/bin/server;C:/Program Files/Java/jre1.8.0_77/bin;C:/Program Files/Java/jre1.8.0_77/lib/amd64;C:\ProgramData\Oracle\Java\javapath;C:\Windows\system32;C:\Windows;C:\Windows\System32\Wbem;C:\Windows\System32\WindowsPowerShell\v1.0\;C:\Program Files\Git\cmd;C:\Program Files\Intel\WiFi\bin\;C:\Program Files\Common Files\Intel\WirelessCommon\;C:\Program Files\nodejs\;C:\Program Files (x86)\Skype\Phone\;C:\Program Files (x86)\NVIDIA Corporation\PhysX\Common;C:\Program Files\Intel\WiFi\bin\;C:\Program Files\Common Files\Intel\WirelessCommon\;C:\Users\felip\AppData\Roaming\npm;D:\Development\IDE\eclipse;;."/>
    <property name="java.specification.name" value="Java Platform API Specification"/>
    <property name="java.class.version" value="52.0"/>
    <property name="sun.management.compiler" value="HotSpot 64-Bit Tiered Compilers"/>
    <property name="os.version" value="10.0"/>
    <property name="user.home" value="C:\Users\felip"/>
    <property name="user.timezone" value="America/Sao_Paulo"/>
    <property name="java.awt.printerjob" value="sun.awt.windows.WPrinterJob"/>
    <property name="java.specification.version" value="1.8"/>
    <property name="file.encoding" value="Cp1252"/>
    <property name="user.name" value="felip"/>
    <property name="java.class.path" value="/D:/Development/IDE/eclipse/plugins/org.eclipse.m2e.maven.runtime_1.6.2.20150902-0001/jars/plexus-classworlds-2.5.2.jar"/>
    <property name="java.vm.specification.version" value="1.8"/>
    <property name="sun.arch.data.model" value="64"/>
    <property name="java.home" value="C:\Program Files\Java\jdk1.8.0_77\jre"/>
    <property name="sun.java.command" value="org.codehaus.plexus.classworlds.launcher.Launcher -B test"/>
    <property name="java.specification.vendor" value="Oracle Corporation"/>
    <property name="user.language" value="pt"/>
    <property name="awt.toolkit" value="sun.awt.windows.WToolkit"/>
    <property name="java.vm.info" value="mixed mode"/>
    <property name="java.version" value="1.8.0_77"/>
    <property name="java.ext.dirs" value="C:\Program Files\Java\jdk1.8.0_77\jre\lib\ext;C:\Windows\Sun\Java\lib\ext"/>
    <property name="sun.boot.class.path" value="C:\Program Files\Java\jdk1.8.0_77\jre\lib\resources.jar;C:\Program Files\Java\jdk1.8.0_77\jre\lib\rt.jar;C:\Program Files\Java\jdk1.8.0_77\jre\lib\sunrsasign.jar;C:\Program Files\Java\jdk1.8.0_77\jre\lib\jsse.jar;C:\Program Files\Java\jdk1.8.0_77\jre\lib\jce.jar;C:\Program Files\Java\jdk1.8.0_77\jre\lib\charsets.jar;C:\Program Files\Java\jdk1.8.0_77\jre\lib\jfr.jar;C:\Program Files\Java\jdk1.8.0_77\jre\classes"/>
    <property name="java.vendor" value="Oracle Corporation"/>
    <property name="maven.home" value="D:\Development\Workspaces\Práticas Profissionais\SISCEI\4-Implementacao\4.1-Codigo_Fonte\solution\EMBEDDED"/>
    <property name="file.separator" value="\"/>
    <property name="java.vendor.url.bug" value="http://bugreport.sun.com/bugreport/"/>
    <property name="sun.cpu.endian" value="little"/>
    <property name="sun.io.unicode.encoding" value="UnicodeLittle"/>
    <property name="sun.desktop" value="windows"/>
    <property name="sun.cpu.isalist" value="amd64"/>
  </properties>
  <testcase name="listByFolder" classname="com.br.siscei.test.domain.repository.MetaFileRepositoryIntegrationTests" time="0.076">
    <error message="D:\Development\Workspaces\Pr%c3%a1ticas%20Profissionais\SISCEI\4-Implementacao\4.1-Codigo_Fonte\solution\target\test-classes\example.pdf (O sistema não pode encontrar o caminho especificado)" type="java.io.FileNotFoundException"><![CDATA[java.io.FileNotFoundException: D:\Development\Workspaces\Pr%c3%a1ticas%20Profissionais\SISCEI\4-Implementacao\4.1-Codigo_Fonte\solution\target\test-classes\example.pdf (O sistema não pode encontrar o caminho especificado)
	at java.io.FileInputStream.open0(Native Method)
	at java.io.FileInputStream.open(FileInputStream.java:195)
	at java.io.FileInputStream.<init>(FileInputStream.java:138)
	at java.io.FileInputStream.<init>(FileInputStream.java:93)
	at com.br.siscei.test.domain.repository.MetaFileRepositoryIntegrationTests.listByFolder(MetaFileRepositoryIntegrationTests.java:296)
]]></error>
    <system-out><![CDATA[2016-06-22 21:57:32.855  INFO 628 --- [           main] o.s.t.c.support.AbstractContextLoader    : Could not detect default resource locations for test class [com.br.siscei.test.domain.AbstractIntegrationTests]: no resource found for suffixes {-context.xml, Context.groovy}.
2016-06-22 21:57:32.857  INFO 628 --- [           main] WebAppIntegrationTestContextBootstrapper : Loaded default TestExecutionListener class names from location [META-INF/spring.factories]: [org.springframework.test.context.web.ServletTestExecutionListener, org.springframework.test.context.support.DirtiesContextBeforeModesTestExecutionListener, org.springframework.test.context.support.DependencyInjectionTestExecutionListener, org.springframework.test.context.support.DirtiesContextTestExecutionListener, org.springframework.test.context.transaction.TransactionalTestExecutionListener, org.springframework.test.context.jdbc.SqlScriptsTestExecutionListener, org.springframework.security.test.context.support.WithSecurityContextTestExecutionListener]
2016-06-22 21:57:32.858  INFO 628 --- [           main] WebAppIntegrationTestContextBootstrapper : Using TestExecutionListeners: [br.com.eits.common.infrastructure.dbunit.TransactionDbUnitTestExecutionListener@3f1bfe98, org.springframework.test.context.web.ServletTestExecutionListener@413721f, org.springframework.test.context.support.DirtiesContextBeforeModesTestExecutionListener@172a93b2, org.springframework.test.context.support.DependencyInjectionTestExecutionListener@4e7100a4, org.springframework.test.context.support.DirtiesContextTestExecutionListener@2efed8cc, org.springframework.test.context.transaction.TransactionalTestExecutionListener@3162d486, org.springframework.test.context.jdbc.SqlScriptsTestExecutionListener@7296661b, org.springframework.security.test.context.support.WithSecurityContextTestExecutionListener@34243ccd]
]]></system-out>
  </testcase>
  <testcase name="removeByPath" classname="com.br.siscei.test.domain.repository.MetaFileRepositoryIntegrationTests" time="0.186">
    <error message="D:\Development\Workspaces\Pr%c3%a1ticas%20Profissionais\SISCEI\4-Implementacao\4.1-Codigo_Fonte\solution\target\test-classes\example.pdf (O sistema não pode encontrar o caminho especificado)" type="java.io.FileNotFoundException"><![CDATA[java.io.FileNotFoundException: D:\Development\Workspaces\Pr%c3%a1ticas%20Profissionais\SISCEI\4-Implementacao\4.1-Codigo_Fonte\solution\target\test-classes\example.pdf (O sistema não pode encontrar o caminho especificado)
	at java.io.FileInputStream.open0(Native Method)
	at java.io.FileInputStream.open(FileInputStream.java:195)
	at java.io.FileInputStream.<init>(FileInputStream.java:138)
	at java.io.FileInputStream.<init>(FileInputStream.java:93)
	at com.br.siscei.test.domain.repository.MetaFileRepositoryIntegrationTests.removeByPath(MetaFileRepositoryIntegrationTests.java:108)
]]></error>
  </testcase>
  <testcase name="insert" classname="com.br.siscei.test.domain.repository.MetaFileRepositoryIntegrationTests" time="0.186">
    <error message="D:\Development\Workspaces\Pr%c3%a1ticas%20Profissionais\SISCEI\4-Implementacao\4.1-Codigo_Fonte\solution\target\test-classes\example.pdf (O sistema não pode encontrar o caminho especificado)" type="java.io.FileNotFoundException"><![CDATA[java.io.FileNotFoundException: D:\Development\Workspaces\Pr%c3%a1ticas%20Profissionais\SISCEI\4-Implementacao\4.1-Codigo_Fonte\solution\target\test-classes\example.pdf (O sistema não pode encontrar o caminho especificado)
	at java.io.FileInputStream.open0(Native Method)
	at java.io.FileInputStream.open(FileInputStream.java:195)
	at java.io.FileInputStream.<init>(FileInputStream.java:138)
	at java.io.FileInputStream.<init>(FileInputStream.java:93)
	at com.br.siscei.test.domain.repository.MetaFileRepositoryIntegrationTests.insert(MetaFileRepositoryIntegrationTests.java:52)
]]></error>
  </testcase>
  <testcase name="remove" classname="com.br.siscei.test.domain.repository.MetaFileRepositoryIntegrationTests" time="0.187">
    <error message="D:\Development\Workspaces\Pr%c3%a1ticas%20Profissionais\SISCEI\4-Implementacao\4.1-Codigo_Fonte\solution\target\test-classes\example.pdf (O sistema não pode encontrar o caminho especificado)" type="java.io.FileNotFoundException"><![CDATA[java.io.FileNotFoundException: D:\Development\Workspaces\Pr%c3%a1ticas%20Profissionais\SISCEI\4-Implementacao\4.1-Codigo_Fonte\solution\target\test-classes\example.pdf (O sistema não pode encontrar o caminho especificado)
	at java.io.FileInputStream.open0(Native Method)
	at java.io.FileInputStream.open(FileInputStream.java:195)
	at java.io.FileInputStream.<init>(FileInputStream.java:138)
	at java.io.FileInputStream.<init>(FileInputStream.java:93)
	at com.br.siscei.test.domain.repository.MetaFileRepositoryIntegrationTests.remove(MetaFileRepositoryIntegrationTests.java:179)
]]></error>
  </testcase>
  <testcase name="findById" classname="com.br.siscei.test.domain.repository.MetaFileRepositoryIntegrationTests" time="0.188">
    <error message="D:\Development\Workspaces\Pr%c3%a1ticas%20Profissionais\SISCEI\4-Implementacao\4.1-Codigo_Fonte\solution\target\test-classes\example.pdf (O sistema não pode encontrar o caminho especificado)" type="java.io.FileNotFoundException"><![CDATA[java.io.FileNotFoundException: D:\Development\Workspaces\Pr%c3%a1ticas%20Profissionais\SISCEI\4-Implementacao\4.1-Codigo_Fonte\solution\target\test-classes\example.pdf (O sistema não pode encontrar o caminho especificado)
	at java.io.FileInputStream.open0(Native Method)
	at java.io.FileInputStream.open(FileInputStream.java:195)
	at java.io.FileInputStream.<init>(FileInputStream.java:138)
	at java.io.FileInputStream.<init>(FileInputStream.java:93)
	at com.br.siscei.test.domain.repository.MetaFileRepositoryIntegrationTests.findById(MetaFileRepositoryIntegrationTests.java:254)
]]></error>
  </testcase>
  <testcase name="removeByFolder" classname="com.br.siscei.test.domain.repository.MetaFileRepositoryIntegrationTests" time="0.181">
    <error message="D:\Development\Workspaces\Pr%c3%a1ticas%20Profissionais\SISCEI\4-Implementacao\4.1-Codigo_Fonte\solution\target\test-classes\example.pdf (O sistema não pode encontrar o caminho especificado)" type="java.io.FileNotFoundException"><![CDATA[java.io.FileNotFoundException: D:\Development\Workspaces\Pr%c3%a1ticas%20Profissionais\SISCEI\4-Implementacao\4.1-Codigo_Fonte\solution\target\test-classes\example.pdf (O sistema não pode encontrar o caminho especificado)
	at java.io.FileInputStream.open0(Native Method)
	at java.io.FileInputStream.open(FileInputStream.java:195)
	at java.io.FileInputStream.<init>(FileInputStream.java:138)
	at java.io.FileInputStream.<init>(FileInputStream.java:93)
	at com.br.siscei.test.domain.repository.MetaFileRepositoryIntegrationTests.removeByFolder(MetaFileRepositoryIntegrationTests.java:141)
]]></error>
  </testcase>
  <testcase name="findByPath" classname="com.br.siscei.test.domain.repository.MetaFileRepositoryIntegrationTests" time="0.189">
    <error message="D:\Development\Workspaces\Pr%c3%a1ticas%20Profissionais\SISCEI\4-Implementacao\4.1-Codigo_Fonte\solution\target\test-classes\example.pdf (O sistema não pode encontrar o caminho especificado)" type="java.io.FileNotFoundException"><![CDATA[java.io.FileNotFoundException: D:\Development\Workspaces\Pr%c3%a1ticas%20Profissionais\SISCEI\4-Implementacao\4.1-Codigo_Fonte\solution\target\test-classes\example.pdf (O sistema não pode encontrar o caminho especificado)
	at java.io.FileInputStream.open0(Native Method)
	at java.io.FileInputStream.open(FileInputStream.java:195)
	at java.io.FileInputStream.<init>(FileInputStream.java:138)
	at java.io.FileInputStream.<init>(FileInputStream.java:93)
	at com.br.siscei.test.domain.repository.MetaFileRepositoryIntegrationTests.findByPath(MetaFileRepositoryIntegrationTests.java:212)
]]></error>
  </testcase>
  <testcase name="insertWithCreator" classname="com.br.siscei.test.domain.repository.MetaFileRepositoryIntegrationTests" time="0.196">
    <error message="D:\Development\Workspaces\Pr%c3%a1ticas%20Profissionais\SISCEI\4-Implementacao\4.1-Codigo_Fonte\solution\target\test-classes\example.pdf (O sistema não pode encontrar o caminho especificado)" type="java.io.FileNotFoundException"><![CDATA[java.io.FileNotFoundException: D:\Development\Workspaces\Pr%c3%a1ticas%20Profissionais\SISCEI\4-Implementacao\4.1-Codigo_Fonte\solution\target\test-classes\example.pdf (O sistema não pode encontrar o caminho especificado)
	at java.io.FileInputStream.open0(Native Method)
	at java.io.FileInputStream.open(FileInputStream.java:195)
	at java.io.FileInputStream.<init>(FileInputStream.java:138)
	at java.io.FileInputStream.<init>(FileInputStream.java:93)
	at com.br.siscei.test.domain.repository.MetaFileRepositoryIntegrationTests.insertWithCreator(MetaFileRepositoryIntegrationTests.java:79)
]]></error>
  </testcase>
</testsuite>